<?xml version="1.0" encoding="UTF-8"?>
<!-- Generated by org.testng.reporters.JUnitXMLReporter -->
<testsuite hostname="ASKComputers-PC" name="Demo Test Suite" tests="3" failures="0" timestamp="14 Sep 2016 12:55:19 GMT" time="115.519" errors="0">
  <testcase name="VerifyAlreadyTakenMailIdError" time="19.272" classname="com.appium.test.GmailSignupTest"/>
  <testcase name="VerifyPasswdMismatchError" time="43.999" classname="com.appium.test.GmailSignupTest"/>
  <testcase name="VerifyPhoneNumberFormatError" time="28.433" classname="com.appium.test.GmailSignupTest"/>
</testsuite> <!-- Demo Test Suite -->
