<?xml version="1.0" encoding="UTF-8"?>
<!-- Generated by org.testng.reporters.JUnitXMLReporter -->
<testsuite hostname="ASKComputers-PC" name="Run on Redmi" tests="1" failures="0" timestamp="15 Sep 2016 10:45:52 GMT" time="36.839" errors="0">
  <testcase name="@BeforeTest setUp" time="0.0" classname="com.appium.test.GmailSignupTest">
    <failure type="org.openqa.selenium.SessionNotCreatedException" message="A new session could not be created. (Original error: Could not proxy command to remote server. Original error: Error: connect ECONNREFUSED 127.0.0.1:9515) (WARNING: The server did not provide any stacktrace information)
Command duration or timeout: 36.81 seconds
Build info: version: &amp;apos;2.46.0&amp;apos;, revision: &amp;apos;61506a4624b13675f24581e453592342b7485d71&amp;apos;, time: &amp;apos;2015-06-04 10:22:50&amp;apos;
System info: host: &amp;apos;ASKComputers-PC&amp;apos;, ip: &amp;apos;169.254.113.136&amp;apos;, os.name: &amp;apos;Windows 7&amp;apos;, os.arch: &amp;apos;amd64&amp;apos;, os.version: &amp;apos;6.1&amp;apos;, java.version: &amp;apos;1.8.0_101&amp;apos;
Driver info: org.openqa.selenium.remote.RemoteWebDriver">
      <![CDATA[org.openqa.selenium.SessionNotCreatedException: A new session could not be created. (Original error: Could not proxy command to remote server. Original error: Error: connect ECONNREFUSED 127.0.0.1:9515) (WARNING: The server did not provide any stacktrace information)
Command duration or timeout: 36.81 seconds
Build info: version: '2.46.0', revision: '61506a4624b13675f24581e453592342b7485d71', time: '2015-06-04 10:22:50'
System info: host: 'ASKComputers-PC', ip: '169.254.113.136', os.name: 'Windows 7', os.arch: 'amd64', os.version: '6.1', java.version: '1.8.0_101'
Driver info: org.openqa.selenium.remote.RemoteWebDriver
	at org.openqa.selenium.remote.ErrorHandler.createThrowable(ErrorHandler.java:204)
	at org.openqa.selenium.remote.ErrorHandler.throwIfResponseFailed(ErrorHandler.java:156)
	at org.openqa.selenium.remote.RemoteWebDriver.execute(RemoteWebDriver.java:605)
	at org.openqa.selenium.remote.RemoteWebDriver.startSession(RemoteWebDriver.java:242)
	at org.openqa.selenium.remote.RemoteWebDriver.<init>(RemoteWebDriver.java:128)
	at org.openqa.selenium.remote.RemoteWebDriver.<init>(RemoteWebDriver.java:155)
	at com.appium.pagebject.PageObject.setCapabilities(PageObject.java:54)
	at com.appium.test.GmailSignupTest.setUp(GmailSignupTest.java:23)
... Removed 26 stack frames]]>
    </failure>
  </testcase> <!-- @BeforeTest setUp -->
  <testcase name="@AfterClass tearDown" time="0.0" classname="com.appium.test.GmailSignupTest">
    <skipped/>
  </testcase> <!-- @AfterClass tearDown -->
  <testcase name="VerifyAlreadyTakenMailIdError" time="0.001" classname="com.appium.test.GmailSignupTest">
    <skipped/>
  </testcase> <!-- VerifyAlreadyTakenMailIdError -->
</testsuite> <!-- Run on Redmi -->
