<?xml version="1.0" encoding="UTF-8"?>
<!-- Generated by org.testng.reporters.JUnitXMLReporter -->
<testsuite hostname="ASKComputers-PC" name="Run on Redmi" tests="2" failures="0" timestamp="16 Sep 2016 10:55:36 GMT" time="641.68" errors="0">
  <testcase name="verifyMandatoryLoginFields" time="10.438" classname="com.appium.parallel.ParallelExecution"/>
  <testcase name="verifyMandatorySignUpPageFields" time="14.7" classname="com.appium.parallel.ParallelExecution"/>
</testsuite> <!-- Run on Redmi -->
